# JRE version: OpenJDK Runtime Environment (21.0.9) (build 21.0.9+-14787801-b1163.94)
# Java VM: OpenJDK 64-Bit Server VM (21.0.9+-14787801-b1163.94, mixed mode, tiered, compressed oops, compressed class ptrs, g1 gc, windows-amd64)
GC Precious Log:
 CardTable entry size: 512
 Card Set container configuration: InlinePtr #cards 5 size 8 Array Of Cards #cards 12 size 40 Howl #buckets 4 coarsen threshold 1843 Howl Bitmap #cards 512 size 80 coarsen threshold 460 Card regions per heap region 1 cards per card region 2048
 CPUs: 4 total, 4 available
 Memory: 8056M
 Large Page Support: Disabled
 NUMA Support: Disabled
 Compressed Oops: Enabled (32-bit)
 Heap Region Size: 1M
 Heap Min Capacity: 8M
 Heap Initial Capacity: 126M
 Heap Max Capacity: 2G
 Pre-touch: Disabled
 Parallel Workers: 4
 Concurrent Workers: 1
 Concurrent Refinement Workers: 4
 Periodic GC: Disabled
Heap:
 garbage-first heap   total 82944K, used 50974K [0x0000000080000000, 0x0000000100000000)
  region size 1024K, 28 young (28672K), 5 survivors (5120K)
 Metaspace       used 45026K, committed 46272K, reserved 1114112K
  class space    used 6320K, committed 6912K, reserved 1048576K
GC Heap History (18 events):
Event: 0.660 GC heap before
{Heap before GC invocations=0 (full 0):
 garbage-first heap   total 129024K, used 13312K [0x0000000080000000, 0x0000000100000000)
  region size 1024K, 13 young (13312K), 0 survivors (0K)
 Metaspace       used 7719K, committed 7808K, reserved 1114112K
  class space    used 722K, committed 768K, reserved 1048576K
}
Event: 0.663 GC heap after
{Heap after GC invocations=1 (full 0):
 garbage-first heap   total 129024K, used 1013K [0x0000000080000000, 0x0000000100000000)
  region size 1024K, 1 young (1024K), 1 survivors (1024K)
 Metaspace       used 7719K, committed 7808K, reserved 1114112K
  class space    used 722K, committed 768K, reserved 1048576K
}
Event: 1.008 GC heap before
{Heap before GC invocations=1 (full 0):
 garbage-first heap   total 129024K, used 25589K [0x0000000080000000, 0x0000000100000000)
  region size 1024K, 26 young (26624K), 1 survivors (1024K)
 Metaspace       used 7886K, committed 8000K, reserved 1114112K
  class space    used 722K, committed 768K, reserved 1048576K
}
Event: 1.012 GC heap after
{Heap after GC invocations=2 (full 0):
 garbage-first heap   total 129024K, used 1509K [0x0000000080000000, 0x0000000100000000)
  region size 1024K, 2 young (2048K), 2 survivors (2048K)
 Metaspace       used 7886K, committed 8000K, reserved 1114112K
  class space    used 722K, committed 768K, reserved 1048576K
}
Event: 2.295 GC heap before
{Heap before GC invocations=2 (full 0):
 garbage-first heap   total 129024K, used 80357K [0x0000000080000000, 0x0000000100000000)
  region size 1024K, 75 young (76800K), 2 survivors (2048K)
 Metaspace       used 12755K, committed 12928K, reserved 1114112K
  class space    used 1390K, committed 1472K, reserved 1048576K
}
Event: 2.304 GC heap after
{Heap after GC invocations=3 (full 0):
 garbage-first heap   total 129024K, used 12100K [0x0000000080000000, 0x0000000100000000)
  region size 1024K, 8 young (8192K), 8 survivors (8192K)
 Metaspace       used 12755K, committed 12928K, reserved 1114112K
  class space    used 1390K, committed 1472K, reserved 1048576K
}
Event: 3.009 GC heap before
{Heap before GC invocations=3 (full 0):
 garbage-first heap   total 129024K, used 82756K [0x0000000080000000, 0x0000000100000000)
  region size 1024K, 75 young (76800K), 8 survivors (8192K)
 Metaspace       used 13123K, committed 13312K, reserved 1114112K
  class space    used 1441K, committed 1536K, reserved 1048576K
}
Event: 3.019 GC heap after
{Heap after GC invocations=4 (full 0):
 garbage-first heap   total 129024K, used 17544K [0x0000000080000000, 0x0000000100000000)
  region size 1024K, 5 young (5120K), 5 survivors (5120K)
 Metaspace       used 13123K, committed 13312K, reserved 1114112K
  class space    used 1441K, committed 1536K, reserved 1048576K
}
Event: 4.057 GC heap before
{Heap before GC invocations=4 (full 0):
 garbage-first heap   total 129024K, used 44168K [0x0000000080000000, 0x0000000100000000)
  region size 1024K, 32 young (32768K), 5 survivors (5120K)
 Metaspace       used 21210K, committed 21504K, reserved 1114112K
  class space    used 2477K, committed 2624K, reserved 1048576K
}
Event: 4.066 GC heap after
{Heap after GC invocations=5 (full 0):
 garbage-first heap   total 129024K, used 20996K [0x0000000080000000, 0x0000000100000000)
  region size 1024K, 8 young (8192K), 8 survivors (8192K)
 Metaspace       used 21210K, committed 21504K, reserved 1114112K
  class space    used 2477K, committed 2624K, reserved 1048576K
}
Event: 5.711 GC heap before
{Heap before GC invocations=6 (full 0):
 garbage-first heap   total 71680K, used 70148K [0x0000000080000000, 0x0000000100000000)
  region size 1024K, 55 young (56320K), 8 survivors (8192K)
 Metaspace       used 29645K, committed 30144K, reserved 1114112K
  class space    used 3677K, committed 3904K, reserved 1048576K
}
Event: 5.725 GC heap after
{Heap after GC invocations=7 (full 0):
 garbage-first heap   total 82944K, used 23471K [0x0000000080000000, 0x0000000100000000)
  region size 1024K, 6 young (6144K), 6 survivors (6144K)
 Metaspace       used 29645K, committed 30144K, reserved 1114112K
  class space    used 3677K, committed 3904K, reserved 1048576K
}
Event: 7.279 GC heap before
{Heap before GC invocations=7 (full 0):
 garbage-first heap   total 82944K, used 64431K [0x0000000080000000, 0x0000000100000000)
  region size 1024K, 47 young (48128K), 6 survivors (6144K)
 Metaspace       used 35429K, committed 36096K, reserved 1114112K
  class space    used 4638K, committed 4992K, reserved 1048576K
}
Event: 7.307 GC heap after
{Heap after GC invocations=8 (full 0):
 garbage-first heap   total 82944K, used 25786K [0x0000000080000000, 0x0000000100000000)
  region size 1024K, 5 young (5120K), 5 survivors (5120K)
 Metaspace       used 35429K, committed 36096K, reserved 1114112K
  class space    used 4638K, committed 4992K, reserved 1048576K
}
Event: 7.425 GC heap before
{Heap before GC invocations=8 (full 0):
 garbage-first heap   total 82944K, used 28858K [0x0000000080000000, 0x0000000100000000)
  region size 1024K, 9 young (9216K), 5 survivors (5120K)
 Metaspace       used 35731K, committed 36416K, reserved 1114112K
  class space    used 4699K, committed 5056K, reserved 1048576K
}
Event: 7.436 GC heap after
{Heap after GC invocations=9 (full 0):
 garbage-first heap   total 82944K, used 26911K [0x0000000080000000, 0x0000000100000000)
  region size 1024K, 4 young (4096K), 4 survivors (4096K)
 Metaspace       used 35731K, committed 36416K, reserved 1114112K
  class space    used 4699K, committed 5056K, reserved 1048576K
}
Event: 8.431 GC heap before
{Heap before GC invocations=10 (full 0):
 garbage-first heap   total 82944K, used 71967K [0x0000000080000000, 0x0000000100000000)
  region size 1024K, 48 young (49152K), 4 survivors (4096K)
 Metaspace       used 41756K, committed 42816K, reserved 1114112K
  class space    used 5748K, committed 6272K, reserved 1048576K
}
Event: 8.442 GC heap after
{Heap after GC invocations=11 (full 0):
 garbage-first heap   total 82944K, used 28446K [0x0000000080000000, 0x0000000100000000)
  region size 1024K, 5 young (5120K), 5 survivors (5120K)
 Metaspace       used 41756K, committed 42816K, reserved 1114112K
  class space    used 5748K, committed 6272K, reserved 1048576K
}

